Determining if the pthread_create exist failed with the following output:
Change Dir: /ros_ws/orb_slam2_ws/build/catkin_tools_prebuild/CMakeFiles/CMakeTmp

Run Build Command:"/usr/bin/make" "cmTC_3b04d/fast"
/usr/bin/make -f CMakeFiles/cmTC_3b04d.dir/build.make CMakeFiles/cmTC_3b04d.dir/build
make[1]: Entering directory '/ros_ws/orb_slam2_ws/build/catkin_tools_prebuild/CMakeFiles/CMakeTmp'
Building C object CMakeFiles/cmTC_3b04d.dir/CheckSymbolExists.c.o
/usr/bin/cc    -o CMakeFiles/cmTC_3b04d.dir/CheckSymbolExists.c.o   -c /ros_ws/orb_slam2_ws/build/catkin_tools_prebuild/CMakeFiles/CMakeTmp/CheckSymbolExists.c
Linking C executable cmTC_3b04d
/usr/bin/cmake -E cmake_link_script CMakeFiles/cmTC_3b04d.dir/link.txt --verbose=1
/usr/bin/cc      -rdynamic CMakeFiles/cmTC_3b04d.dir/CheckSymbolExists.c.o  -o cmTC_3b04d 
CMakeFiles/cmTC_3b04d.dir/CheckSymbolExists.c.o: In function `main':
CheckSymbolExists.c:(.text+0x1b): undefined reference to `pthread_create'
collect2: error: ld returned 1 exit status
CMakeFiles/cmTC_3b04d.dir/build.make:97: recipe for target 'cmTC_3b04d' failed
make[1]: *** [cmTC_3b04d] Error 1
make[1]: Leaving directory '/ros_ws/orb_slam2_ws/build/catkin_tools_prebuild/CMakeFiles/CMakeTmp'
Makefile:126: recipe for target 'cmTC_3b04d/fast' failed
make: *** [cmTC_3b04d/fast] Error 2

File /ros_ws/orb_slam2_ws/build/catkin_tools_prebuild/CMakeFiles/CMakeTmp/CheckSymbolExists.c:
/* */
#include <pthread.h>

int main(int argc, char** argv)
{
  (void)argv;
#ifndef pthread_create
  return ((int*)(&pthread_create))[argc];
#else
  (void)argc;
  return 0;
#endif
}

Determining if the function pthread_create exists in the pthreads failed with the following output:
Change Dir: /ros_ws/orb_slam2_ws/build/catkin_tools_prebuild/CMakeFiles/CMakeTmp

Run Build Command:"/usr/bin/make" "cmTC_09f7a/fast"
/usr/bin/make -f CMakeFiles/cmTC_09f7a.dir/build.make CMakeFiles/cmTC_09f7a.dir/build
make[1]: Entering directory '/ros_ws/orb_slam2_ws/build/catkin_tools_prebuild/CMakeFiles/CMakeTmp'
Building C object CMakeFiles/cmTC_09f7a.dir/CheckFunctionExists.c.o
/usr/bin/cc   -DCHECK_FUNCTION_EXISTS=pthread_create   -o CMakeFiles/cmTC_09f7a.dir/CheckFunctionExists.c.o   -c /usr/share/cmake-3.10/Modules/CheckFunctionExists.c
Linking C executable cmTC_09f7a
/usr/bin/cmake -E cmake_link_script CMakeFiles/cmTC_09f7a.dir/link.txt --verbose=1
/usr/bin/cc  -DCHECK_FUNCTION_EXISTS=pthread_create    -rdynamic CMakeFiles/cmTC_09f7a.dir/CheckFunctionExists.c.o  -o cmTC_09f7a -lpthreads 
/usr/bin/ld: cannot find -lpthreads
collect2: error: ld returned 1 exit status
CMakeFiles/cmTC_09f7a.dir/build.make:97: recipe for target 'cmTC_09f7a' failed
make[1]: *** [cmTC_09f7a] Error 1
make[1]: Leaving directory '/ros_ws/orb_slam2_ws/build/catkin_tools_prebuild/CMakeFiles/CMakeTmp'
Makefile:126: recipe for target 'cmTC_09f7a/fast' failed
make: *** [cmTC_09f7a/fast] Error 2


