Determining if the pthread_create exist failed with the following output:
Change Dir: /ros_ws/orb_slam2_ws/build/orb_slam2_ros/CMakeFiles/CMakeTmp

Run Build Command:"/usr/bin/make" "cmTC_30bfd/fast"
/usr/bin/make -f CMakeFiles/cmTC_30bfd.dir/build.make CMakeFiles/cmTC_30bfd.dir/build
make[1]: Entering directory '/ros_ws/orb_slam2_ws/build/orb_slam2_ros/CMakeFiles/CMakeTmp'
Building C object CMakeFiles/cmTC_30bfd.dir/CheckSymbolExists.c.o
/usr/bin/cc    -o CMakeFiles/cmTC_30bfd.dir/CheckSymbolExists.c.o   -c /ros_ws/orb_slam2_ws/build/orb_slam2_ros/CMakeFiles/CMakeTmp/CheckSymbolExists.c
Linking C executable cmTC_30bfd
/usr/bin/cmake -E cmake_link_script CMakeFiles/cmTC_30bfd.dir/link.txt --verbose=1
/usr/bin/cc      -rdynamic CMakeFiles/cmTC_30bfd.dir/CheckSymbolExists.c.o  -o cmTC_30bfd 
CMakeFiles/cmTC_30bfd.dir/CheckSymbolExists.c.o: In function `main':
CheckSymbolExists.c:(.text+0x1b): undefined reference to `pthread_create'
collect2: error: ld returned 1 exit status
CMakeFiles/cmTC_30bfd.dir/build.make:97: recipe for target 'cmTC_30bfd' failed
make[1]: *** [cmTC_30bfd] Error 1
make[1]: Leaving directory '/ros_ws/orb_slam2_ws/build/orb_slam2_ros/CMakeFiles/CMakeTmp'
Makefile:126: recipe for target 'cmTC_30bfd/fast' failed
make: *** [cmTC_30bfd/fast] Error 2

File /ros_ws/orb_slam2_ws/build/orb_slam2_ros/CMakeFiles/CMakeTmp/CheckSymbolExists.c:
/* */
#include <pthread.h>

int main(int argc, char** argv)
{
  (void)argv;
#ifndef pthread_create
  return ((int*)(&pthread_create))[argc];
#else
  (void)argc;
  return 0;
#endif
}

Determining if the function pthread_create exists in the pthreads failed with the following output:
Change Dir: /ros_ws/orb_slam2_ws/build/orb_slam2_ros/CMakeFiles/CMakeTmp

Run Build Command:"/usr/bin/make" "cmTC_2b2ad/fast"
/usr/bin/make -f CMakeFiles/cmTC_2b2ad.dir/build.make CMakeFiles/cmTC_2b2ad.dir/build
make[1]: Entering directory '/ros_ws/orb_slam2_ws/build/orb_slam2_ros/CMakeFiles/CMakeTmp'
Building C object CMakeFiles/cmTC_2b2ad.dir/CheckFunctionExists.c.o
/usr/bin/cc   -DCHECK_FUNCTION_EXISTS=pthread_create   -o CMakeFiles/cmTC_2b2ad.dir/CheckFunctionExists.c.o   -c /usr/share/cmake-3.10/Modules/CheckFunctionExists.c
Linking C executable cmTC_2b2ad
/usr/bin/cmake -E cmake_link_script CMakeFiles/cmTC_2b2ad.dir/link.txt --verbose=1
/usr/bin/cc  -DCHECK_FUNCTION_EXISTS=pthread_create    -rdynamic CMakeFiles/cmTC_2b2ad.dir/CheckFunctionExists.c.o  -o cmTC_2b2ad -lpthreads 
/usr/bin/ld: cannot find -lpthreads
collect2: error: ld returned 1 exit status
CMakeFiles/cmTC_2b2ad.dir/build.make:97: recipe for target 'cmTC_2b2ad' failed
make[1]: *** [cmTC_2b2ad] Error 1
make[1]: Leaving directory '/ros_ws/orb_slam2_ws/build/orb_slam2_ros/CMakeFiles/CMakeTmp'
Makefile:126: recipe for target 'cmTC_2b2ad/fast' failed
make: *** [cmTC_2b2ad/fast] Error 2


